<?xml version="1.0" encoding="UTF-8"?>
<!-- Generated by org.testng.reporters.JUnitReportReporter -->
<testsuite hostname="DESKTOP-J068OMN" failures="0" tests="1" name="com.bikkadit.ebam.testCases.TC_LoginTest_001" time="4.219" errors="0" timestamp="14 Oct 2022 11:32:36 GMT" skipped="0">
  <testcase classname="com.bikkadit.ebam.testCases.TC_LoginTest_001" name="loginTest" time="4.219"/>
</testsuite> <!-- com.bikkadit.ebam.testCases.TC_LoginTest_001 -->
