<?xml version="1.0" encoding="UTF-8"?>
<!-- Generated by org.testng.reporters.JUnitReportReporter -->
<testsuite hostname="DESKTOP-J068OMN" failures="0" tests="2" name="com.bikkadit.ebam.testCases.TC_loginTest_002" time="26.814" errors="0" timestamp="15 Oct 2022 10:29:29 GMT" skipped="0">
  <testcase classname="com.bikkadit.ebam.testCases.TC_loginTest_002" name="loginDDT" time="13.778"/>
  <testcase classname="com.bikkadit.ebam.testCases.TC_loginTest_002" name="loginDDT" time="13.036"/>
</testsuite> <!-- com.bikkadit.ebam.testCases.TC_loginTest_002 -->
